<?xml version="1.0" encoding="UTF-8"?>
<!-- Generated by org.testng.reporters.JUnitReportReporter -->
<testsuite hostname="DESKTOP-U1OL4JI" failures="0" tests="1" name="com.triotree.test.website.ADT.SurgeryMedicalEstimate" time="60.818" errors="0" timestamp="21 Apr 2021 06:48:13 GMT">
  <testcase classname="com.triotree.test.website.ADT.SurgeryMedicalEstimate" name="surgeryMedicalEstimateTest" time="60.818"/>
</testsuite> <!-- com.triotree.test.website.ADT.SurgeryMedicalEstimate -->
