<?xml version="1.0" encoding="UTF-8"?>
<!-- Generated by org.testng.reporters.JUnitReportReporter -->
<testsuite hostname="DESKTOP-U1OL4JI" failures="0" tests="1" name="com.triotree.test.website.ADT.IPDepositRefundDebitCardTest" time="177.114" errors="0" timestamp="20 Apr 2021 10:09:41 GMT">
  <testcase classname="com.triotree.test.website.ADT.IPDepositRefundDebitCardTest" name="AdtIPDepositRefundDebitCardformTest" time="177.114"/>
</testsuite> <!-- com.triotree.test.website.ADT.IPDepositRefundDebitCardTest -->
