<?xml version="1.0" encoding="UTF-8"?>
<!-- Generated by org.testng.reporters.JUnitReportReporter -->
<testsuite hostname="DESKTOP-U1OL4JI" failures="0" tests="1" name="com.triotree.test.website.ADT.IPDepositRefundChequeTest" time="164.786" errors="0" timestamp="21 Apr 2021 05:47:57 GMT">
  <testcase classname="com.triotree.test.website.ADT.IPDepositRefundChequeTest" name="AdtIPDepositRefundchequeformTest" time="164.786"/>
</testsuite> <!-- com.triotree.test.website.ADT.IPDepositRefundChequeTest -->
