<?xml version="1.0" encoding="UTF-8"?>
<!-- Generated by org.testng.reporters.JUnitReportReporter -->
<testsuite hostname="DESKTOP-U1OL4JI" failures="0" tests="1" name="com.triotree.test.website.FrontOffice.DocumentUploadTest" time="112.246" errors="0" timestamp="25 Jan 2021 07:01:23 GMT">
  <testcase classname="com.triotree.test.website.FrontOffice.DocumentUploadTest" name="patientRegistrationValidDataTest" time="112.246"/>
</testsuite> <!-- com.triotree.test.website.FrontOffice.DocumentUploadTest -->
