<?xml version="1.0" encoding="UTF-8"?>
<!-- Generated by org.testng.reporters.JUnitReportReporter -->
<testsuite hostname="DESKTOP-U1OL4JI" failures="0" tests="1" name="com.triotree.test.website.ADT.UpdateAdmisssionDateTest" time="38.956" errors="0" timestamp="19 Apr 2021 10:35:22 GMT">
  <testcase classname="com.triotree.test.website.ADT.UpdateAdmisssionDateTest" name="updateadmissiondatetestcase" time="38.956"/>
</testsuite> <!-- com.triotree.test.website.ADT.UpdateAdmisssionDateTest -->
