<?xml version="1.0" encoding="UTF-8"?>
<!-- Generated by org.testng.reporters.JUnitReportReporter -->
<testsuite hostname="DESKTOP-U1OL4JI" failures="0" tests="1" name="com.triotree.test.website.ADT.ActualDemographicswithcreditPatientAndSchemeTest" time="473.526" errors="0" timestamp="19 Apr 2021 09:11:30 GMT">
  <testcase classname="com.triotree.test.website.ADT.ActualDemographicswithcreditPatientAndSchemeTest" name="actualDemographicswithcreditPatientAndScheme" time="473.526"/>
</testsuite> <!-- com.triotree.test.website.ADT.ActualDemographicswithcreditPatientAndSchemeTest -->
