<?xml version="1.0" encoding="UTF-8"?>
<!-- Generated by org.testng.reporters.JUnitReportReporter -->
<testsuite hostname="DESKTOP-U1OL4JI" failures="0" tests="1" name="com.triotree.test.website.ADT.IPDepositRefundCreditCardTest" time="163.580" errors="0" timestamp="20 Apr 2021 10:05:34 GMT">
  <testcase classname="com.triotree.test.website.ADT.IPDepositRefundCreditCardTest" name="IPDepositRefundCreditCardTestTest" time="163.580"/>
</testsuite> <!-- com.triotree.test.website.ADT.IPDepositRefundCreditCardTest -->
