<?xml version="1.0" encoding="UTF-8"?>
<!-- Generated by org.testng.reporters.JUnitReportReporter -->
<testsuite hostname="DESKTOP-U1OL4JI" failures="0" tests="2" name="com.triotree.test.website.FrontOffice.MergeDuplicateTest" time="148.818" errors="0" timestamp="25 Jan 2021 06:11:56 GMT">
  <testcase classname="com.triotree.test.website.FrontOffice.MergeDuplicateTest" name="frontOfficeMergeDuplicateWithDepositOnPatientTest" time="89.074"/>
  <testcase classname="com.triotree.test.website.FrontOffice.MergeDuplicateTest" name="mergeAndUnmergePatientDuplicateTest" time="59.744"/>
</testsuite> <!-- com.triotree.test.website.FrontOffice.MergeDuplicateTest -->
