<?xml version="1.0" encoding="UTF-8"?>
<!-- Generated by org.testng.reporters.JUnitReportReporter -->
<testsuite hostname="DESKTOP-U1OL4JI" failures="0" tests="1" name="com.triotree.test.website.ADT.BedTransfer" time="93.031" errors="0" timestamp="19 Apr 2021 09:32:48 GMT">
  <testcase classname="com.triotree.test.website.ADT.BedTransfer" name="patientBedTranferTest" time="93.031"/>
</testsuite> <!-- com.triotree.test.website.ADT.BedTransfer -->
