<?xml version="1.0" encoding="UTF-8"?>
<!-- Generated by org.testng.reporters.JUnitReportReporter -->
<testsuite hostname="DESKTOP-U1OL4JI" failures="0" tests="1" name="com.triotree.test.website.ADT.UpdatePatientDetailsandAddpackageTest" time="201.095" errors="0" timestamp="21 Apr 2021 07:42:54 GMT">
  <testcase classname="com.triotree.test.website.ADT.UpdatePatientDetailsandAddpackageTest" name="reEnterUHIDandupdatePatientdetailsandAddsomepackage" time="201.095"/>
</testsuite> <!-- com.triotree.test.website.ADT.UpdatePatientDetailsandAddpackageTest -->
